<?xml version="1.0" encoding="UTF-8"?>
<testng-results ignored="0" total="1" passed="1" failed="0" skipped="0">
  <reporter-output>
    <line>
      <![CDATA[<b><strong><font size="4"><center>***** Launching the google site on chrome browser *****</font></strong></center></b>]]>
    </line>
    <line>
      <![CDATA[Fetching the Testdata from the sheet Sheet1 and testcase id is Tc001]]>
    </line>
    <line>
      <![CDATA[Open the google.com<a target="_blank" href=".\Screenshots\Test229-08-2023-02-25-15-832.png">[Screenshot]</a>]]>
    </line>
  </reporter-output>
  <suite started-at="2023-08-17T14:25:13 IST" name="Suite" finished-at="2023-08-17T14:25:15 IST" duration-ms="2340">
    <groups>
    </groups>
    <test started-at="2023-08-17T14:25:13 IST" name="Test" finished-at="2023-08-17T14:25:15 IST" duration-ms="2340">
      <class name="TestScripts.TestNG_Parameter">
        <test-method is-config="true" signature="setupDriver()[pri:0, instance:TestScripts.TestNG_Parameter@75437611]" started-at="2023-08-17T14:25:09 IST" name="setupDriver" finished-at="2023-08-17T14:25:13 IST" duration-ms="3711" status="PASS">
          <reporter-output>
          </reporter-output>
        </test-method> <!-- setupDriver -->
        <test-method signature="Test_001()[pri:0, instance:TestScripts.TestNG_Parameter@75437611]" started-at="2023-08-17T14:25:13 IST" name="Test_001" finished-at="2023-08-17T14:25:15 IST" duration-ms="2222" status="PASS">
          <reporter-output>
            <line>
              <![CDATA[<b><strong><font size="4"><center>***** Launching the google site on chrome browser *****</font></strong></center></b>]]>
            </line>
            <line>
              <![CDATA[Fetching the Testdata from the sheet Sheet1 and testcase id is Tc001]]>
            </line>
            <line>
              <![CDATA[Open the google.com<a target="_blank" href=".\Screenshots\Test229-08-2023-02-25-15-832.png">[Screenshot]</a>]]>
            </line>
          </reporter-output>
        </test-method> <!-- Test_001 -->
        <test-method is-config="true" signature="closeBrowser()[pri:0, instance:TestScripts.TestNG_Parameter@75437611]" started-at="2023-08-17T14:25:15 IST" name="closeBrowser" finished-at="2023-08-17T14:25:16 IST" duration-ms="554" status="PASS">
          <reporter-output>
          </reporter-output>
        </test-method> <!-- closeBrowser -->
      </class> <!-- TestScripts.TestNG_Parameter -->
    </test> <!-- Test -->
  </suite> <!-- Suite -->
</testng-results>
