<?xml version="1.0" encoding="UTF-8"?>
<testng-results ignored="0" total="1" passed="1" failed="0" skipped="0">
  <reporter-output>
    <line>
      <![CDATA[<b>***************************** Launching the google site on chrome browser *******************************************</b>]]>
    </line>
    <line>
      <![CDATA[Open the google.com<a target="_blank" href="C:\Users\dinesh.nachimuthu\eclipse-workspace\SeleniumTraining\Screenshots\Test220-08-2023-05-04-13-892.png">[Screenshot]</a>]]>
    </line>
  </reporter-output>
  <suite started-at="2023-08-08T17:04:11 IST" name="Suite" finished-at="2023-08-08T17:04:13 IST" duration-ms="2711">
    <groups>
    </groups>
    <test started-at="2023-08-08T17:04:11 IST" name="Test" finished-at="2023-08-08T17:04:13 IST" duration-ms="2711">
      <class name="TestScripts.TestNG_Parameter">
        <test-method is-config="true" signature="setupDriver()[pri:0, instance:TestScripts.TestNG_Parameter@54422e18]" started-at="2023-08-08T17:04:07 IST" name="setupDriver" finished-at="2023-08-08T17:04:11 IST" duration-ms="3466" status="PASS">
          <reporter-output>
          </reporter-output>
        </test-method> <!-- setupDriver -->
        <test-method signature="parameter()[pri:0, instance:TestScripts.TestNG_Parameter@54422e18]" started-at="2023-08-08T17:04:11 IST" name="parameter" finished-at="2023-08-08T17:04:13 IST" duration-ms="2676" status="PASS">
          <reporter-output>
            <line>
              <![CDATA[<b>***************************** Launching the google site on chrome browser *******************************************</b>]]>
            </line>
            <line>
              <![CDATA[Open the google.com<a target="_blank" href="C:\Users\dinesh.nachimuthu\eclipse-workspace\SeleniumTraining\Screenshots\Test220-08-2023-05-04-13-892.png">[Screenshot]</a>]]>
            </line>
          </reporter-output>
        </test-method> <!-- parameter -->
        <test-method is-config="true" signature="closeBrowser()[pri:0, instance:TestScripts.TestNG_Parameter@54422e18]" started-at="2023-08-08T17:04:13 IST" name="closeBrowser" finished-at="2023-08-08T17:04:14 IST" duration-ms="606" status="PASS">
          <reporter-output>
          </reporter-output>
        </test-method> <!-- closeBrowser -->
      </class> <!-- TestScripts.TestNG_Parameter -->
    </test> <!-- Test -->
  </suite> <!-- Suite -->
</testng-results>
